2024-03-06 19:06:54 [AWT-EventQueue-0] INFO  org.hibernate.Version - HHH000412: Hibernate ORM core version 6.4.0.Final
2024-03-06 19:06:54 [AWT-EventQueue-0] WARN  org.hibernate.orm.deprecation - HHH90000012: Recognized obsolete hibernate namespace http://hibernate.sourceforge.net/hibernate-configuration. Use namespace http://www.hibernate.org/dtd/hibernate-configuration instead.  Support for obsolete DTD/XSD namespaces may be removed at any time.
2024-03-06 19:06:55 [AWT-EventQueue-0] INFO  org.hibernate.cache.internal.RegionFactoryInitiator - HHH000026: Second-level cache disabled
2024-03-06 19:06:55 [AWT-EventQueue-0] WARN  org.hibernate.orm.connections.pooling - HHH10001002: Using built-in connection pool (not intended for production use)
2024-03-06 19:06:55 [AWT-EventQueue-0] INFO  org.hibernate.orm.connections.pooling - HHH10001005: Loaded JDBC driver class: com.mysql.cj.jdbc.Driver
2024-03-06 19:06:55 [AWT-EventQueue-0] INFO  org.hibernate.orm.connections.pooling - HHH10001012: Connecting with JDBC URL [jdbc:mysql://localhost:3306/hotelIndividual?serverTimezone=GMT%2B3]
2024-03-06 19:06:55 [AWT-EventQueue-0] INFO  org.hibernate.orm.connections.pooling - HHH10001001: Connection properties: {password=****, user=root}
2024-03-06 19:06:55 [AWT-EventQueue-0] INFO  org.hibernate.orm.connections.pooling - HHH10001003: Autocommit mode: false
2024-03-06 19:06:55 [AWT-EventQueue-0] INFO  org.hibernate.orm.connections.pooling - HHH10001115: Connection pool size: 20 (min=1)
2024-03-06 19:06:55 [AWT-EventQueue-0] WARN  org.hibernate.orm.deprecation - HHH90000025: MySQLDialect does not need to be specified explicitly using 'hibernate.dialect' (remove the property setting and it will be selected by default)
2024-03-06 19:06:56 [AWT-EventQueue-0] INFO  org.hibernate.orm.connections.access - HHH10001501: Connection obtained from JdbcConnectionAccess [org.hibernate.engine.jdbc.env.internal.JdbcEnvironmentInitiator$ConnectionProviderJdbcConnectionAccess@504d9c39] for (non-JTA) DDL execution was not in auto-commit mode; the Connection 'local transaction' will be committed and the Connection will be set into auto-commit mode.
2024-03-06 19:09:06 [AWT-EventQueue-0] INFO  org.hibernate.Version - HHH000412: Hibernate ORM core version 6.4.0.Final
2024-03-06 19:09:06 [AWT-EventQueue-0] WARN  org.hibernate.orm.deprecation - HHH90000012: Recognized obsolete hibernate namespace http://hibernate.sourceforge.net/hibernate-configuration. Use namespace http://www.hibernate.org/dtd/hibernate-configuration instead.  Support for obsolete DTD/XSD namespaces may be removed at any time.
2024-03-06 19:09:06 [AWT-EventQueue-0] INFO  org.hibernate.cache.internal.RegionFactoryInitiator - HHH000026: Second-level cache disabled
2024-03-06 19:09:06 [AWT-EventQueue-0] WARN  org.hibernate.orm.connections.pooling - HHH10001002: Using built-in connection pool (not intended for production use)
2024-03-06 19:09:06 [AWT-EventQueue-0] INFO  org.hibernate.orm.connections.pooling - HHH10001005: Loaded JDBC driver class: com.mysql.cj.jdbc.Driver
2024-03-06 19:09:06 [AWT-EventQueue-0] INFO  org.hibernate.orm.connections.pooling - HHH10001012: Connecting with JDBC URL [jdbc:mysql://localhost:3306/hotelIndividual?serverTimezone=GMT%2B3]
2024-03-06 19:09:06 [AWT-EventQueue-0] INFO  org.hibernate.orm.connections.pooling - HHH10001001: Connection properties: {password=****, user=root}
2024-03-06 19:09:06 [AWT-EventQueue-0] INFO  org.hibernate.orm.connections.pooling - HHH10001003: Autocommit mode: false
2024-03-06 19:09:06 [AWT-EventQueue-0] INFO  org.hibernate.orm.connections.pooling - HHH10001115: Connection pool size: 20 (min=1)
2024-03-06 19:09:06 [AWT-EventQueue-0] WARN  org.hibernate.orm.deprecation - HHH90000025: MySQLDialect does not need to be specified explicitly using 'hibernate.dialect' (remove the property setting and it will be selected by default)
2024-03-06 19:09:07 [AWT-EventQueue-0] INFO  org.hibernate.orm.connections.access - HHH10001501: Connection obtained from JdbcConnectionAccess [org.hibernate.engine.jdbc.env.internal.JdbcEnvironmentInitiator$ConnectionProviderJdbcConnectionAccess@57923e71] for (non-JTA) DDL execution was not in auto-commit mode; the Connection 'local transaction' will be committed and the Connection will be set into auto-commit mode.
2024-03-06 19:43:20 [AWT-EventQueue-0] INFO  org.hibernate.Version - HHH000412: Hibernate ORM core version 6.4.0.Final
2024-03-06 19:43:20 [AWT-EventQueue-0] WARN  org.hibernate.orm.deprecation - HHH90000012: Recognized obsolete hibernate namespace http://hibernate.sourceforge.net/hibernate-configuration. Use namespace http://www.hibernate.org/dtd/hibernate-configuration instead.  Support for obsolete DTD/XSD namespaces may be removed at any time.
2024-03-06 19:43:20 [AWT-EventQueue-0] INFO  org.hibernate.cache.internal.RegionFactoryInitiator - HHH000026: Second-level cache disabled
2024-03-06 19:43:20 [AWT-EventQueue-0] WARN  org.hibernate.orm.connections.pooling - HHH10001002: Using built-in connection pool (not intended for production use)
2024-03-06 19:43:20 [AWT-EventQueue-0] INFO  org.hibernate.orm.connections.pooling - HHH10001005: Loaded JDBC driver class: com.mysql.cj.jdbc.Driver
2024-03-06 19:43:20 [AWT-EventQueue-0] INFO  org.hibernate.orm.connections.pooling - HHH10001012: Connecting with JDBC URL [jdbc:mysql://localhost:3306/hotelIndividual?serverTimezone=GMT%2B3]
2024-03-06 19:43:20 [AWT-EventQueue-0] INFO  org.hibernate.orm.connections.pooling - HHH10001001: Connection properties: {password=****, user=root}
2024-03-06 19:43:20 [AWT-EventQueue-0] INFO  org.hibernate.orm.connections.pooling - HHH10001003: Autocommit mode: false
2024-03-06 19:43:20 [AWT-EventQueue-0] INFO  org.hibernate.orm.connections.pooling - HHH10001115: Connection pool size: 20 (min=1)
2024-03-06 19:43:21 [AWT-EventQueue-0] WARN  org.hibernate.orm.deprecation - HHH90000025: MySQLDialect does not need to be specified explicitly using 'hibernate.dialect' (remove the property setting and it will be selected by default)
2024-03-06 19:43:22 [AWT-EventQueue-0] INFO  org.hibernate.orm.connections.access - HHH10001501: Connection obtained from JdbcConnectionAccess [org.hibernate.engine.jdbc.env.internal.JdbcEnvironmentInitiator$ConnectionProviderJdbcConnectionAccess@6595a3e6] for (non-JTA) DDL execution was not in auto-commit mode; the Connection 'local transaction' will be committed and the Connection will be set into auto-commit mode.
2024-03-06 19:50:02 [AWT-EventQueue-0] INFO  org.hibernate.Version - HHH000412: Hibernate ORM core version 6.4.0.Final
2024-03-06 19:50:02 [AWT-EventQueue-0] WARN  org.hibernate.orm.deprecation - HHH90000012: Recognized obsolete hibernate namespace http://hibernate.sourceforge.net/hibernate-configuration. Use namespace http://www.hibernate.org/dtd/hibernate-configuration instead.  Support for obsolete DTD/XSD namespaces may be removed at any time.
2024-03-06 19:50:02 [AWT-EventQueue-0] INFO  org.hibernate.cache.internal.RegionFactoryInitiator - HHH000026: Second-level cache disabled
2024-03-06 19:50:02 [AWT-EventQueue-0] WARN  org.hibernate.orm.connections.pooling - HHH10001002: Using built-in connection pool (not intended for production use)
2024-03-06 19:50:02 [AWT-EventQueue-0] INFO  org.hibernate.orm.connections.pooling - HHH10001005: Loaded JDBC driver class: com.mysql.cj.jdbc.Driver
2024-03-06 19:50:02 [AWT-EventQueue-0] INFO  org.hibernate.orm.connections.pooling - HHH10001012: Connecting with JDBC URL [jdbc:mysql://localhost:3306/hotelIndividual?serverTimezone=GMT%2B3]
2024-03-06 19:50:02 [AWT-EventQueue-0] INFO  org.hibernate.orm.connections.pooling - HHH10001001: Connection properties: {password=****, user=root}
2024-03-06 19:50:02 [AWT-EventQueue-0] INFO  org.hibernate.orm.connections.pooling - HHH10001003: Autocommit mode: false
2024-03-06 19:50:02 [AWT-EventQueue-0] INFO  org.hibernate.orm.connections.pooling - HHH10001115: Connection pool size: 20 (min=1)
2024-03-06 19:50:03 [AWT-EventQueue-0] WARN  org.hibernate.orm.deprecation - HHH90000025: MySQLDialect does not need to be specified explicitly using 'hibernate.dialect' (remove the property setting and it will be selected by default)
2024-03-06 19:50:04 [AWT-EventQueue-0] INFO  org.hibernate.orm.connections.access - HHH10001501: Connection obtained from JdbcConnectionAccess [org.hibernate.engine.jdbc.env.internal.JdbcEnvironmentInitiator$ConnectionProviderJdbcConnectionAccess@5598bc7d] for (non-JTA) DDL execution was not in auto-commit mode; the Connection 'local transaction' will be committed and the Connection will be set into auto-commit mode.
2024-03-06 19:55:22 [AWT-EventQueue-0] INFO  org.hibernate.Version - HHH000412: Hibernate ORM core version 6.4.0.Final
2024-03-06 19:55:22 [AWT-EventQueue-0] WARN  org.hibernate.orm.deprecation - HHH90000012: Recognized obsolete hibernate namespace http://hibernate.sourceforge.net/hibernate-configuration. Use namespace http://www.hibernate.org/dtd/hibernate-configuration instead.  Support for obsolete DTD/XSD namespaces may be removed at any time.
2024-03-06 19:55:23 [AWT-EventQueue-0] INFO  org.hibernate.cache.internal.RegionFactoryInitiator - HHH000026: Second-level cache disabled
2024-03-06 19:55:23 [AWT-EventQueue-0] WARN  org.hibernate.orm.connections.pooling - HHH10001002: Using built-in connection pool (not intended for production use)
2024-03-06 19:55:23 [AWT-EventQueue-0] INFO  org.hibernate.orm.connections.pooling - HHH10001005: Loaded JDBC driver class: com.mysql.cj.jdbc.Driver
2024-03-06 19:55:23 [AWT-EventQueue-0] INFO  org.hibernate.orm.connections.pooling - HHH10001012: Connecting with JDBC URL [jdbc:mysql://localhost:3306/hotelIndividual?serverTimezone=GMT%2B3]
2024-03-06 19:55:23 [AWT-EventQueue-0] INFO  org.hibernate.orm.connections.pooling - HHH10001001: Connection properties: {password=****, user=root}
2024-03-06 19:55:23 [AWT-EventQueue-0] INFO  org.hibernate.orm.connections.pooling - HHH10001003: Autocommit mode: false
2024-03-06 19:55:23 [AWT-EventQueue-0] INFO  org.hibernate.orm.connections.pooling - HHH10001115: Connection pool size: 20 (min=1)
2024-03-06 19:55:23 [AWT-EventQueue-0] WARN  org.hibernate.orm.deprecation - HHH90000025: MySQLDialect does not need to be specified explicitly using 'hibernate.dialect' (remove the property setting and it will be selected by default)
2024-03-06 19:55:24 [AWT-EventQueue-0] INFO  org.hibernate.orm.connections.access - HHH10001501: Connection obtained from JdbcConnectionAccess [org.hibernate.engine.jdbc.env.internal.JdbcEnvironmentInitiator$ConnectionProviderJdbcConnectionAccess@bfa8a73] for (non-JTA) DDL execution was not in auto-commit mode; the Connection 'local transaction' will be committed and the Connection will be set into auto-commit mode.
2024-03-06 20:08:29 [AWT-EventQueue-0] INFO  org.hibernate.Version - HHH000412: Hibernate ORM core version 6.4.0.Final
2024-03-06 20:08:29 [AWT-EventQueue-0] WARN  org.hibernate.orm.deprecation - HHH90000012: Recognized obsolete hibernate namespace http://hibernate.sourceforge.net/hibernate-configuration. Use namespace http://www.hibernate.org/dtd/hibernate-configuration instead.  Support for obsolete DTD/XSD namespaces may be removed at any time.
2024-03-06 20:08:29 [AWT-EventQueue-0] INFO  org.hibernate.cache.internal.RegionFactoryInitiator - HHH000026: Second-level cache disabled
2024-03-06 20:08:29 [AWT-EventQueue-0] WARN  org.hibernate.orm.connections.pooling - HHH10001002: Using built-in connection pool (not intended for production use)
2024-03-06 20:08:29 [AWT-EventQueue-0] INFO  org.hibernate.orm.connections.pooling - HHH10001005: Loaded JDBC driver class: com.mysql.cj.jdbc.Driver
2024-03-06 20:08:29 [AWT-EventQueue-0] INFO  org.hibernate.orm.connections.pooling - HHH10001012: Connecting with JDBC URL [jdbc:mysql://localhost:3306/hotelIndividual?serverTimezone=GMT%2B3]
2024-03-06 20:08:29 [AWT-EventQueue-0] INFO  org.hibernate.orm.connections.pooling - HHH10001001: Connection properties: {password=****, user=root}
2024-03-06 20:08:29 [AWT-EventQueue-0] INFO  org.hibernate.orm.connections.pooling - HHH10001003: Autocommit mode: false
2024-03-06 20:08:29 [AWT-EventQueue-0] INFO  org.hibernate.orm.connections.pooling - HHH10001115: Connection pool size: 20 (min=1)
2024-03-06 20:08:30 [AWT-EventQueue-0] WARN  org.hibernate.orm.deprecation - HHH90000025: MySQLDialect does not need to be specified explicitly using 'hibernate.dialect' (remove the property setting and it will be selected by default)
2024-03-06 20:08:31 [AWT-EventQueue-0] INFO  org.hibernate.orm.connections.access - HHH10001501: Connection obtained from JdbcConnectionAccess [org.hibernate.engine.jdbc.env.internal.JdbcEnvironmentInitiator$ConnectionProviderJdbcConnectionAccess@4ef94bcc] for (non-JTA) DDL execution was not in auto-commit mode; the Connection 'local transaction' will be committed and the Connection will be set into auto-commit mode.
2024-03-06 21:19:16 [AWT-EventQueue-0] INFO  org.hibernate.Version - HHH000412: Hibernate ORM core version 6.4.0.Final
2024-03-06 21:19:16 [AWT-EventQueue-0] WARN  org.hibernate.orm.deprecation - HHH90000012: Recognized obsolete hibernate namespace http://hibernate.sourceforge.net/hibernate-configuration. Use namespace http://www.hibernate.org/dtd/hibernate-configuration instead.  Support for obsolete DTD/XSD namespaces may be removed at any time.
2024-03-06 21:19:17 [AWT-EventQueue-0] INFO  org.hibernate.cache.internal.RegionFactoryInitiator - HHH000026: Second-level cache disabled
2024-03-06 21:19:17 [AWT-EventQueue-0] WARN  org.hibernate.orm.connections.pooling - HHH10001002: Using built-in connection pool (not intended for production use)
2024-03-06 21:19:17 [AWT-EventQueue-0] INFO  org.hibernate.orm.connections.pooling - HHH10001005: Loaded JDBC driver class: com.mysql.cj.jdbc.Driver
2024-03-06 21:19:17 [AWT-EventQueue-0] INFO  org.hibernate.orm.connections.pooling - HHH10001012: Connecting with JDBC URL [jdbc:mysql://localhost:3306/hotelIndividual?serverTimezone=GMT%2B3]
2024-03-06 21:19:17 [AWT-EventQueue-0] INFO  org.hibernate.orm.connections.pooling - HHH10001001: Connection properties: {password=****, user=root}
2024-03-06 21:19:17 [AWT-EventQueue-0] INFO  org.hibernate.orm.connections.pooling - HHH10001003: Autocommit mode: false
2024-03-06 21:19:17 [AWT-EventQueue-0] INFO  org.hibernate.orm.connections.pooling - HHH10001115: Connection pool size: 20 (min=1)
2024-03-06 21:19:17 [AWT-EventQueue-0] WARN  org.hibernate.orm.deprecation - HHH90000025: MySQLDialect does not need to be specified explicitly using 'hibernate.dialect' (remove the property setting and it will be selected by default)
2024-03-06 21:19:18 [AWT-EventQueue-0] INFO  org.hibernate.orm.connections.access - HHH10001501: Connection obtained from JdbcConnectionAccess [org.hibernate.engine.jdbc.env.internal.JdbcEnvironmentInitiator$ConnectionProviderJdbcConnectionAccess@17dd1609] for (non-JTA) DDL execution was not in auto-commit mode; the Connection 'local transaction' will be committed and the Connection will be set into auto-commit mode.
2024-03-06 21:19:34 [AWT-EventQueue-0] ERROR DAO.RoomDAO - The transaction returned null pointerjava.lang.NullPointerException: Cannot invoke "org.hibernate.Transaction.commit()" because "transaction" is null
2024-03-06 21:21:46 [AWT-EventQueue-0] INFO  org.hibernate.Version - HHH000412: Hibernate ORM core version 6.4.0.Final
2024-03-06 21:21:46 [AWT-EventQueue-0] WARN  org.hibernate.orm.deprecation - HHH90000012: Recognized obsolete hibernate namespace http://hibernate.sourceforge.net/hibernate-configuration. Use namespace http://www.hibernate.org/dtd/hibernate-configuration instead.  Support for obsolete DTD/XSD namespaces may be removed at any time.
2024-03-06 21:21:47 [AWT-EventQueue-0] INFO  org.hibernate.cache.internal.RegionFactoryInitiator - HHH000026: Second-level cache disabled
2024-03-06 21:21:47 [AWT-EventQueue-0] WARN  org.hibernate.orm.connections.pooling - HHH10001002: Using built-in connection pool (not intended for production use)
2024-03-06 21:21:47 [AWT-EventQueue-0] INFO  org.hibernate.orm.connections.pooling - HHH10001005: Loaded JDBC driver class: com.mysql.cj.jdbc.Driver
2024-03-06 21:21:47 [AWT-EventQueue-0] INFO  org.hibernate.orm.connections.pooling - HHH10001012: Connecting with JDBC URL [jdbc:mysql://localhost:3306/hotelIndividual?serverTimezone=GMT%2B3]
2024-03-06 21:21:47 [AWT-EventQueue-0] INFO  org.hibernate.orm.connections.pooling - HHH10001001: Connection properties: {password=****, user=root}
2024-03-06 21:21:47 [AWT-EventQueue-0] INFO  org.hibernate.orm.connections.pooling - HHH10001003: Autocommit mode: false
2024-03-06 21:21:47 [AWT-EventQueue-0] INFO  org.hibernate.orm.connections.pooling - HHH10001115: Connection pool size: 20 (min=1)
2024-03-06 21:21:47 [AWT-EventQueue-0] WARN  org.hibernate.orm.deprecation - HHH90000025: MySQLDialect does not need to be specified explicitly using 'hibernate.dialect' (remove the property setting and it will be selected by default)
2024-03-06 21:21:48 [AWT-EventQueue-0] INFO  org.hibernate.orm.connections.access - HHH10001501: Connection obtained from JdbcConnectionAccess [org.hibernate.engine.jdbc.env.internal.JdbcEnvironmentInitiator$ConnectionProviderJdbcConnectionAccess@4a7bf108] for (non-JTA) DDL execution was not in auto-commit mode; the Connection 'local transaction' will be committed and the Connection will be set into auto-commit mode.
2024-03-06 21:24:42 [AWT-EventQueue-0] INFO  org.hibernate.Version - HHH000412: Hibernate ORM core version 6.4.0.Final
2024-03-06 21:24:42 [AWT-EventQueue-0] WARN  org.hibernate.orm.deprecation - HHH90000012: Recognized obsolete hibernate namespace http://hibernate.sourceforge.net/hibernate-configuration. Use namespace http://www.hibernate.org/dtd/hibernate-configuration instead.  Support for obsolete DTD/XSD namespaces may be removed at any time.
2024-03-06 21:24:42 [AWT-EventQueue-0] INFO  org.hibernate.cache.internal.RegionFactoryInitiator - HHH000026: Second-level cache disabled
2024-03-06 21:24:42 [AWT-EventQueue-0] WARN  org.hibernate.orm.connections.pooling - HHH10001002: Using built-in connection pool (not intended for production use)
2024-03-06 21:24:42 [AWT-EventQueue-0] INFO  org.hibernate.orm.connections.pooling - HHH10001005: Loaded JDBC driver class: com.mysql.cj.jdbc.Driver
2024-03-06 21:24:42 [AWT-EventQueue-0] INFO  org.hibernate.orm.connections.pooling - HHH10001012: Connecting with JDBC URL [jdbc:mysql://localhost:3306/hotelIndividual?serverTimezone=GMT%2B3]
2024-03-06 21:24:42 [AWT-EventQueue-0] INFO  org.hibernate.orm.connections.pooling - HHH10001001: Connection properties: {password=****, user=root}
2024-03-06 21:24:42 [AWT-EventQueue-0] INFO  org.hibernate.orm.connections.pooling - HHH10001003: Autocommit mode: false
2024-03-06 21:24:42 [AWT-EventQueue-0] INFO  org.hibernate.orm.connections.pooling - HHH10001115: Connection pool size: 20 (min=1)
2024-03-06 21:24:43 [AWT-EventQueue-0] WARN  org.hibernate.orm.deprecation - HHH90000025: MySQLDialect does not need to be specified explicitly using 'hibernate.dialect' (remove the property setting and it will be selected by default)
2024-03-06 21:24:44 [AWT-EventQueue-0] INFO  org.hibernate.orm.connections.access - HHH10001501: Connection obtained from JdbcConnectionAccess [org.hibernate.engine.jdbc.env.internal.JdbcEnvironmentInitiator$ConnectionProviderJdbcConnectionAccess@c4b5170] for (non-JTA) DDL execution was not in auto-commit mode; the Connection 'local transaction' will be committed and the Connection will be set into auto-commit mode.
2024-03-06 21:27:57 [AWT-EventQueue-0] INFO  org.hibernate.Version - HHH000412: Hibernate ORM core version 6.4.0.Final
2024-03-06 21:27:57 [AWT-EventQueue-0] WARN  org.hibernate.orm.deprecation - HHH90000012: Recognized obsolete hibernate namespace http://hibernate.sourceforge.net/hibernate-configuration. Use namespace http://www.hibernate.org/dtd/hibernate-configuration instead.  Support for obsolete DTD/XSD namespaces may be removed at any time.
2024-03-06 21:27:57 [AWT-EventQueue-0] INFO  org.hibernate.cache.internal.RegionFactoryInitiator - HHH000026: Second-level cache disabled
2024-03-06 21:27:58 [AWT-EventQueue-0] WARN  org.hibernate.orm.connections.pooling - HHH10001002: Using built-in connection pool (not intended for production use)
2024-03-06 21:27:58 [AWT-EventQueue-0] INFO  org.hibernate.orm.connections.pooling - HHH10001005: Loaded JDBC driver class: com.mysql.cj.jdbc.Driver
2024-03-06 21:27:58 [AWT-EventQueue-0] INFO  org.hibernate.orm.connections.pooling - HHH10001012: Connecting with JDBC URL [jdbc:mysql://localhost:3306/hotelIndividual?serverTimezone=GMT%2B3]
2024-03-06 21:27:58 [AWT-EventQueue-0] INFO  org.hibernate.orm.connections.pooling - HHH10001001: Connection properties: {password=****, user=root}
2024-03-06 21:27:58 [AWT-EventQueue-0] INFO  org.hibernate.orm.connections.pooling - HHH10001003: Autocommit mode: false
2024-03-06 21:27:58 [AWT-EventQueue-0] INFO  org.hibernate.orm.connections.pooling - HHH10001115: Connection pool size: 20 (min=1)
2024-03-06 21:27:58 [AWT-EventQueue-0] WARN  org.hibernate.orm.deprecation - HHH90000025: MySQLDialect does not need to be specified explicitly using 'hibernate.dialect' (remove the property setting and it will be selected by default)
2024-03-06 21:27:59 [AWT-EventQueue-0] INFO  org.hibernate.orm.connections.access - HHH10001501: Connection obtained from JdbcConnectionAccess [org.hibernate.engine.jdbc.env.internal.JdbcEnvironmentInitiator$ConnectionProviderJdbcConnectionAccess@e4bf589] for (non-JTA) DDL execution was not in auto-commit mode; the Connection 'local transaction' will be committed and the Connection will be set into auto-commit mode.
2024-03-06 21:30:47 [AWT-EventQueue-0] INFO  org.hibernate.Version - HHH000412: Hibernate ORM core version 6.4.0.Final
2024-03-06 21:30:47 [AWT-EventQueue-0] WARN  org.hibernate.orm.deprecation - HHH90000012: Recognized obsolete hibernate namespace http://hibernate.sourceforge.net/hibernate-configuration. Use namespace http://www.hibernate.org/dtd/hibernate-configuration instead.  Support for obsolete DTD/XSD namespaces may be removed at any time.
2024-03-06 21:30:47 [AWT-EventQueue-0] INFO  org.hibernate.cache.internal.RegionFactoryInitiator - HHH000026: Second-level cache disabled
2024-03-06 21:30:47 [AWT-EventQueue-0] WARN  org.hibernate.orm.connections.pooling - HHH10001002: Using built-in connection pool (not intended for production use)
2024-03-06 21:30:47 [AWT-EventQueue-0] INFO  org.hibernate.orm.connections.pooling - HHH10001005: Loaded JDBC driver class: com.mysql.cj.jdbc.Driver
2024-03-06 21:30:47 [AWT-EventQueue-0] INFO  org.hibernate.orm.connections.pooling - HHH10001012: Connecting with JDBC URL [jdbc:mysql://localhost:3306/hotelIndividual?serverTimezone=GMT%2B3]
2024-03-06 21:30:47 [AWT-EventQueue-0] INFO  org.hibernate.orm.connections.pooling - HHH10001001: Connection properties: {password=****, user=root}
2024-03-06 21:30:47 [AWT-EventQueue-0] INFO  org.hibernate.orm.connections.pooling - HHH10001003: Autocommit mode: false
2024-03-06 21:30:47 [AWT-EventQueue-0] INFO  org.hibernate.orm.connections.pooling - HHH10001115: Connection pool size: 20 (min=1)
2024-03-06 21:30:48 [AWT-EventQueue-0] WARN  org.hibernate.orm.deprecation - HHH90000025: MySQLDialect does not need to be specified explicitly using 'hibernate.dialect' (remove the property setting and it will be selected by default)
2024-03-06 21:30:49 [AWT-EventQueue-0] INFO  org.hibernate.orm.connections.access - HHH10001501: Connection obtained from JdbcConnectionAccess [org.hibernate.engine.jdbc.env.internal.JdbcEnvironmentInitiator$ConnectionProviderJdbcConnectionAccess@3426938b] for (non-JTA) DDL execution was not in auto-commit mode; the Connection 'local transaction' will be committed and the Connection will be set into auto-commit mode.
2024-03-06 21:36:12 [AWT-EventQueue-0] INFO  org.hibernate.Version - HHH000412: Hibernate ORM core version 6.4.0.Final
2024-03-06 21:36:12 [AWT-EventQueue-0] WARN  org.hibernate.orm.deprecation - HHH90000012: Recognized obsolete hibernate namespace http://hibernate.sourceforge.net/hibernate-configuration. Use namespace http://www.hibernate.org/dtd/hibernate-configuration instead.  Support for obsolete DTD/XSD namespaces may be removed at any time.
2024-03-06 21:36:13 [AWT-EventQueue-0] INFO  org.hibernate.cache.internal.RegionFactoryInitiator - HHH000026: Second-level cache disabled
2024-03-06 21:36:13 [AWT-EventQueue-0] WARN  org.hibernate.orm.connections.pooling - HHH10001002: Using built-in connection pool (not intended for production use)
2024-03-06 21:36:13 [AWT-EventQueue-0] INFO  org.hibernate.orm.connections.pooling - HHH10001005: Loaded JDBC driver class: com.mysql.cj.jdbc.Driver
2024-03-06 21:36:13 [AWT-EventQueue-0] INFO  org.hibernate.orm.connections.pooling - HHH10001012: Connecting with JDBC URL [jdbc:mysql://localhost:3306/hotelIndividual?serverTimezone=GMT%2B3]
2024-03-06 21:36:13 [AWT-EventQueue-0] INFO  org.hibernate.orm.connections.pooling - HHH10001001: Connection properties: {password=****, user=root}
2024-03-06 21:36:13 [AWT-EventQueue-0] INFO  org.hibernate.orm.connections.pooling - HHH10001003: Autocommit mode: false
2024-03-06 21:36:13 [AWT-EventQueue-0] INFO  org.hibernate.orm.connections.pooling - HHH10001115: Connection pool size: 20 (min=1)
2024-03-06 21:36:13 [AWT-EventQueue-0] WARN  org.hibernate.orm.deprecation - HHH90000025: MySQLDialect does not need to be specified explicitly using 'hibernate.dialect' (remove the property setting and it will be selected by default)
2024-03-06 21:36:14 [AWT-EventQueue-0] INFO  org.hibernate.orm.connections.access - HHH10001501: Connection obtained from JdbcConnectionAccess [org.hibernate.engine.jdbc.env.internal.JdbcEnvironmentInitiator$ConnectionProviderJdbcConnectionAccess@bfa8a73] for (non-JTA) DDL execution was not in auto-commit mode; the Connection 'local transaction' will be committed and the Connection will be set into auto-commit mode.
2024-03-06 21:49:54 [AWT-EventQueue-0] INFO  org.hibernate.Version - HHH000412: Hibernate ORM core version 6.4.0.Final
2024-03-06 21:49:54 [AWT-EventQueue-0] WARN  org.hibernate.orm.deprecation - HHH90000012: Recognized obsolete hibernate namespace http://hibernate.sourceforge.net/hibernate-configuration. Use namespace http://www.hibernate.org/dtd/hibernate-configuration instead.  Support for obsolete DTD/XSD namespaces may be removed at any time.
2024-03-06 21:49:54 [AWT-EventQueue-0] INFO  org.hibernate.cache.internal.RegionFactoryInitiator - HHH000026: Second-level cache disabled
2024-03-06 21:49:55 [AWT-EventQueue-0] WARN  org.hibernate.orm.connections.pooling - HHH10001002: Using built-in connection pool (not intended for production use)
2024-03-06 21:49:55 [AWT-EventQueue-0] INFO  org.hibernate.orm.connections.pooling - HHH10001005: Loaded JDBC driver class: com.mysql.cj.jdbc.Driver
2024-03-06 21:49:55 [AWT-EventQueue-0] INFO  org.hibernate.orm.connections.pooling - HHH10001012: Connecting with JDBC URL [jdbc:mysql://localhost:3306/hotelIndividual?serverTimezone=GMT%2B3]
2024-03-06 21:49:55 [AWT-EventQueue-0] INFO  org.hibernate.orm.connections.pooling - HHH10001001: Connection properties: {password=****, user=root}
2024-03-06 21:49:55 [AWT-EventQueue-0] INFO  org.hibernate.orm.connections.pooling - HHH10001003: Autocommit mode: false
2024-03-06 21:49:55 [AWT-EventQueue-0] INFO  org.hibernate.orm.connections.pooling - HHH10001115: Connection pool size: 20 (min=1)
2024-03-06 21:49:55 [AWT-EventQueue-0] WARN  org.hibernate.orm.deprecation - HHH90000025: MySQLDialect does not need to be specified explicitly using 'hibernate.dialect' (remove the property setting and it will be selected by default)
2024-03-06 21:49:56 [AWT-EventQueue-0] INFO  org.hibernate.orm.connections.access - HHH10001501: Connection obtained from JdbcConnectionAccess [org.hibernate.engine.jdbc.env.internal.JdbcEnvironmentInitiator$ConnectionProviderJdbcConnectionAccess@688e840c] for (non-JTA) DDL execution was not in auto-commit mode; the Connection 'local transaction' will be committed and the Connection will be set into auto-commit mode.
2024-03-06 21:50:15 [AWT-EventQueue-0] INFO  GUI.MainWindow - Not implemented yet!
2024-03-06 21:50:42 [AWT-EventQueue-0] INFO  org.hibernate.Version - HHH000412: Hibernate ORM core version 6.4.0.Final
2024-03-06 21:50:42 [AWT-EventQueue-0] WARN  org.hibernate.orm.deprecation - HHH90000012: Recognized obsolete hibernate namespace http://hibernate.sourceforge.net/hibernate-configuration. Use namespace http://www.hibernate.org/dtd/hibernate-configuration instead.  Support for obsolete DTD/XSD namespaces may be removed at any time.
2024-03-06 21:50:42 [AWT-EventQueue-0] INFO  org.hibernate.cache.internal.RegionFactoryInitiator - HHH000026: Second-level cache disabled
2024-03-06 21:50:42 [AWT-EventQueue-0] WARN  org.hibernate.orm.connections.pooling - HHH10001002: Using built-in connection pool (not intended for production use)
2024-03-06 21:50:42 [AWT-EventQueue-0] INFO  org.hibernate.orm.connections.pooling - HHH10001005: Loaded JDBC driver class: com.mysql.cj.jdbc.Driver
2024-03-06 21:50:42 [AWT-EventQueue-0] INFO  org.hibernate.orm.connections.pooling - HHH10001012: Connecting with JDBC URL [jdbc:mysql://localhost:3306/hotelIndividual?serverTimezone=GMT%2B3]
2024-03-06 21:50:42 [AWT-EventQueue-0] INFO  org.hibernate.orm.connections.pooling - HHH10001001: Connection properties: {password=****, user=root}
2024-03-06 21:50:42 [AWT-EventQueue-0] INFO  org.hibernate.orm.connections.pooling - HHH10001003: Autocommit mode: false
2024-03-06 21:50:42 [AWT-EventQueue-0] INFO  org.hibernate.orm.connections.pooling - HHH10001115: Connection pool size: 20 (min=1)
2024-03-06 21:50:43 [AWT-EventQueue-0] WARN  org.hibernate.orm.deprecation - HHH90000025: MySQLDialect does not need to be specified explicitly using 'hibernate.dialect' (remove the property setting and it will be selected by default)
2024-03-06 21:50:44 [AWT-EventQueue-0] INFO  org.hibernate.orm.connections.access - HHH10001501: Connection obtained from JdbcConnectionAccess [org.hibernate.engine.jdbc.env.internal.JdbcEnvironmentInitiator$ConnectionProviderJdbcConnectionAccess@3d1020d5] for (non-JTA) DDL execution was not in auto-commit mode; the Connection 'local transaction' will be committed and the Connection will be set into auto-commit mode.
2024-03-06 21:51:06 [AWT-EventQueue-0] INFO  GUI.MainWindow - Not implemented yet!
2024-03-06 21:52:50 [AWT-EventQueue-0] INFO  org.hibernate.Version - HHH000412: Hibernate ORM core version 6.4.0.Final
2024-03-06 21:52:50 [AWT-EventQueue-0] WARN  org.hibernate.orm.deprecation - HHH90000012: Recognized obsolete hibernate namespace http://hibernate.sourceforge.net/hibernate-configuration. Use namespace http://www.hibernate.org/dtd/hibernate-configuration instead.  Support for obsolete DTD/XSD namespaces may be removed at any time.
2024-03-06 21:52:50 [AWT-EventQueue-0] INFO  org.hibernate.cache.internal.RegionFactoryInitiator - HHH000026: Second-level cache disabled
2024-03-06 21:52:50 [AWT-EventQueue-0] WARN  org.hibernate.orm.connections.pooling - HHH10001002: Using built-in connection pool (not intended for production use)
2024-03-06 21:52:50 [AWT-EventQueue-0] INFO  org.hibernate.orm.connections.pooling - HHH10001005: Loaded JDBC driver class: com.mysql.cj.jdbc.Driver
2024-03-06 21:52:50 [AWT-EventQueue-0] INFO  org.hibernate.orm.connections.pooling - HHH10001012: Connecting with JDBC URL [jdbc:mysql://localhost:3306/hotelIndividual?serverTimezone=GMT%2B3]
2024-03-06 21:52:50 [AWT-EventQueue-0] INFO  org.hibernate.orm.connections.pooling - HHH10001001: Connection properties: {password=****, user=root}
2024-03-06 21:52:50 [AWT-EventQueue-0] INFO  org.hibernate.orm.connections.pooling - HHH10001003: Autocommit mode: false
2024-03-06 21:52:50 [AWT-EventQueue-0] INFO  org.hibernate.orm.connections.pooling - HHH10001115: Connection pool size: 20 (min=1)
2024-03-06 21:52:51 [AWT-EventQueue-0] WARN  org.hibernate.orm.deprecation - HHH90000025: MySQLDialect does not need to be specified explicitly using 'hibernate.dialect' (remove the property setting and it will be selected by default)
2024-03-06 21:52:52 [AWT-EventQueue-0] INFO  org.hibernate.orm.connections.access - HHH10001501: Connection obtained from JdbcConnectionAccess [org.hibernate.engine.jdbc.env.internal.JdbcEnvironmentInitiator$ConnectionProviderJdbcConnectionAccess@7fbc0f9e] for (non-JTA) DDL execution was not in auto-commit mode; the Connection 'local transaction' will be committed and the Connection will be set into auto-commit mode.
2024-03-06 21:52:52 [AWT-EventQueue-0] ERROR DAO.UserDAO - You can't connect to the database
java.lang.IllegalStateException: Session/EntityManager is closed
	at org.hibernate.internal.AbstractSharedSessionContract.checkOpen(AbstractSharedSessionContract.java:454) ~[hibernate-core-6.4.0.Final.jar:6.4.0.Final]
	at org.hibernate.engine.spi.SharedSessionContractImplementor.checkOpen(SharedSessionContractImplementor.java:187) ~[hibernate-core-6.4.0.Final.jar:6.4.0.Final]
	at org.hibernate.internal.AbstractSharedSessionContract.createQuery(AbstractSharedSessionContract.java:814) ~[hibernate-core-6.4.0.Final.jar:6.4.0.Final]
	at org.hibernate.internal.SessionImpl.createQuery(SessionImpl.java:200) ~[hibernate-core-6.4.0.Final.jar:6.4.0.Final]
	at DAO.UserDAO.check(UserDAO.java:23) ~[Individual%20Study/:?]
	at Controller.AuthenticationController.authenticate(AuthenticationController.java:28) ~[Individual%20Study/:?]
	at GUI.LogicFrame.actionPerformed(LogicFrame.java:105) ~[Individual%20Study/:?]
	at java.desktop/javax.swing.AbstractButton.fireActionPerformed(AbstractButton.java:1972) ~[?:?]
	at java.desktop/javax.swing.AbstractButton$Handler.actionPerformed(AbstractButton.java:2313) ~[?:?]
	at java.desktop/javax.swing.DefaultButtonModel.fireActionPerformed(DefaultButtonModel.java:405) ~[?:?]
	at java.desktop/javax.swing.DefaultButtonModel.setPressed(DefaultButtonModel.java:262) ~[?:?]
	at java.desktop/javax.swing.plaf.basic.BasicButtonListener.mouseReleased(BasicButtonListener.java:279) ~[?:?]
	at java.desktop/java.awt.Component.processMouseEvent(Component.java:6626) ~[?:?]
	at java.desktop/javax.swing.JComponent.processMouseEvent(JComponent.java:3389) ~[?:?]
	at java.desktop/java.awt.Component.processEvent(Component.java:6391) ~[?:?]
	at java.desktop/java.awt.Container.processEvent(Container.java:2266) ~[?:?]
	at java.desktop/java.awt.Component.dispatchEventImpl(Component.java:5001) ~[?:?]
	at java.desktop/java.awt.Container.dispatchEventImpl(Container.java:2324) ~[?:?]
	at java.desktop/java.awt.Component.dispatchEvent(Component.java:4833) ~[?:?]
	at java.desktop/java.awt.LightweightDispatcher.retargetMouseEvent(Container.java:4948) ~[?:?]
	at java.desktop/java.awt.LightweightDispatcher.processMouseEvent(Container.java:4575) ~[?:?]
	at java.desktop/java.awt.LightweightDispatcher.dispatchEvent(Container.java:4516) ~[?:?]
	at java.desktop/java.awt.Container.dispatchEventImpl(Container.java:2310) ~[?:?]
	at java.desktop/java.awt.Window.dispatchEventImpl(Window.java:2780) ~[?:?]
	at java.desktop/java.awt.Component.dispatchEvent(Component.java:4833) ~[?:?]
	at java.desktop/java.awt.EventQueue.dispatchEventImpl(EventQueue.java:773) ~[?:?]
	at java.desktop/java.awt.EventQueue$4.run(EventQueue.java:722) ~[?:?]
	at java.desktop/java.awt.EventQueue$4.run(EventQueue.java:716) ~[?:?]
	at java.base/java.security.AccessController.doPrivileged(AccessController.java:399) [?:?]
	at java.base/java.security.ProtectionDomain$JavaSecurityAccessImpl.doIntersectionPrivilege(ProtectionDomain.java:86) ~[?:?]
	at java.base/java.security.ProtectionDomain$JavaSecurityAccessImpl.doIntersectionPrivilege(ProtectionDomain.java:97) ~[?:?]
	at java.desktop/java.awt.EventQueue$5.run(EventQueue.java:746) ~[?:?]
	at java.desktop/java.awt.EventQueue$5.run(EventQueue.java:744) ~[?:?]
	at java.base/java.security.AccessController.doPrivileged(AccessController.java:399) [?:?]
	at java.base/java.security.ProtectionDomain$JavaSecurityAccessImpl.doIntersectionPrivilege(ProtectionDomain.java:86) [?:?]
	at java.desktop/java.awt.EventQueue.dispatchEvent(EventQueue.java:743) [?:?]
	at java.desktop/java.awt.EventDispatchThread.pumpOneEventForFilters(EventDispatchThread.java:203) [?:?]
	at java.desktop/java.awt.EventDispatchThread.pumpEventsForFilter(EventDispatchThread.java:124) [?:?]
	at java.desktop/java.awt.EventDispatchThread.pumpEventsForHierarchy(EventDispatchThread.java:113) [?:?]
	at java.desktop/java.awt.EventDispatchThread.pumpEvents(EventDispatchThread.java:109) [?:?]
	at java.desktop/java.awt.EventDispatchThread.pumpEvents(EventDispatchThread.java:101) [?:?]
	at java.desktop/java.awt.EventDispatchThread.run(EventDispatchThread.java:90) [?:?]
2024-03-06 21:59:43 [AWT-EventQueue-0] INFO  org.hibernate.Version - HHH000412: Hibernate ORM core version 6.4.0.Final
2024-03-06 21:59:43 [AWT-EventQueue-0] WARN  org.hibernate.orm.deprecation - HHH90000012: Recognized obsolete hibernate namespace http://hibernate.sourceforge.net/hibernate-configuration. Use namespace http://www.hibernate.org/dtd/hibernate-configuration instead.  Support for obsolete DTD/XSD namespaces may be removed at any time.
2024-03-06 21:59:43 [AWT-EventQueue-0] INFO  org.hibernate.cache.internal.RegionFactoryInitiator - HHH000026: Second-level cache disabled
2024-03-06 21:59:43 [AWT-EventQueue-0] WARN  org.hibernate.orm.connections.pooling - HHH10001002: Using built-in connection pool (not intended for production use)
2024-03-06 21:59:43 [AWT-EventQueue-0] INFO  org.hibernate.orm.connections.pooling - HHH10001005: Loaded JDBC driver class: com.mysql.cj.jdbc.Driver
2024-03-06 21:59:43 [AWT-EventQueue-0] INFO  org.hibernate.orm.connections.pooling - HHH10001012: Connecting with JDBC URL [jdbc:mysql://localhost:3306/hotelIndividual?serverTimezone=GMT%2B3]
2024-03-06 21:59:43 [AWT-EventQueue-0] INFO  org.hibernate.orm.connections.pooling - HHH10001001: Connection properties: {password=****, user=root}
2024-03-06 21:59:43 [AWT-EventQueue-0] INFO  org.hibernate.orm.connections.pooling - HHH10001003: Autocommit mode: false
2024-03-06 21:59:43 [AWT-EventQueue-0] INFO  org.hibernate.orm.connections.pooling - HHH10001115: Connection pool size: 20 (min=1)
2024-03-06 21:59:44 [AWT-EventQueue-0] WARN  org.hibernate.orm.deprecation - HHH90000025: MySQLDialect does not need to be specified explicitly using 'hibernate.dialect' (remove the property setting and it will be selected by default)
2024-03-06 21:59:45 [AWT-EventQueue-0] INFO  org.hibernate.orm.connections.access - HHH10001501: Connection obtained from JdbcConnectionAccess [org.hibernate.engine.jdbc.env.internal.JdbcEnvironmentInitiator$ConnectionProviderJdbcConnectionAccess@25eb5d03] for (non-JTA) DDL execution was not in auto-commit mode; the Connection 'local transaction' will be committed and the Connection will be set into auto-commit mode.
2024-03-06 21:59:45 [AWT-EventQueue-0] ERROR DAO.UserDAO - You can't connect to the database
java.lang.IllegalArgumentException: org.hibernate.query.sqm.UnknownEntityException: Could not resolve root entity 'users'
	at org.hibernate.internal.ExceptionConverterImpl.convert(ExceptionConverterImpl.java:143) ~[hibernate-core-6.4.0.Final.jar:6.4.0.Final]
	at org.hibernate.internal.ExceptionConverterImpl.convert(ExceptionConverterImpl.java:167) ~[hibernate-core-6.4.0.Final.jar:6.4.0.Final]
	at org.hibernate.internal.ExceptionConverterImpl.convert(ExceptionConverterImpl.java:173) ~[hibernate-core-6.4.0.Final.jar:6.4.0.Final]
	at org.hibernate.internal.AbstractSharedSessionContract.createQuery(AbstractSharedSessionContract.java:827) ~[hibernate-core-6.4.0.Final.jar:6.4.0.Final]
	at org.hibernate.internal.SessionImpl.createQuery(SessionImpl.java:200) ~[hibernate-core-6.4.0.Final.jar:6.4.0.Final]
	at DAO.UserDAO.check(UserDAO.java:23) ~[Individual%20Study/:?]
	at Controller.AuthenticationController.authenticate(AuthenticationController.java:21) ~[Individual%20Study/:?]
	at GUI.LogicFrame.actionPerformed(LogicFrame.java:105) ~[Individual%20Study/:?]
	at java.desktop/javax.swing.AbstractButton.fireActionPerformed(AbstractButton.java:1972) ~[?:?]
	at java.desktop/javax.swing.AbstractButton$Handler.actionPerformed(AbstractButton.java:2313) ~[?:?]
	at java.desktop/javax.swing.DefaultButtonModel.fireActionPerformed(DefaultButtonModel.java:405) ~[?:?]
	at java.desktop/javax.swing.DefaultButtonModel.setPressed(DefaultButtonModel.java:262) ~[?:?]
	at java.desktop/javax.swing.plaf.basic.BasicButtonListener.mouseReleased(BasicButtonListener.java:279) ~[?:?]
	at java.desktop/java.awt.Component.processMouseEvent(Component.java:6626) ~[?:?]
	at java.desktop/javax.swing.JComponent.processMouseEvent(JComponent.java:3389) ~[?:?]
	at java.desktop/java.awt.Component.processEvent(Component.java:6391) ~[?:?]
	at java.desktop/java.awt.Container.processEvent(Container.java:2266) ~[?:?]
	at java.desktop/java.awt.Component.dispatchEventImpl(Component.java:5001) ~[?:?]
	at java.desktop/java.awt.Container.dispatchEventImpl(Container.java:2324) ~[?:?]
	at java.desktop/java.awt.Component.dispatchEvent(Component.java:4833) ~[?:?]
	at java.desktop/java.awt.LightweightDispatcher.retargetMouseEvent(Container.java:4948) ~[?:?]
	at java.desktop/java.awt.LightweightDispatcher.processMouseEvent(Container.java:4575) ~[?:?]
	at java.desktop/java.awt.LightweightDispatcher.dispatchEvent(Container.java:4516) ~[?:?]
	at java.desktop/java.awt.Container.dispatchEventImpl(Container.java:2310) ~[?:?]
	at java.desktop/java.awt.Window.dispatchEventImpl(Window.java:2780) ~[?:?]
	at java.desktop/java.awt.Component.dispatchEvent(Component.java:4833) ~[?:?]
	at java.desktop/java.awt.EventQueue.dispatchEventImpl(EventQueue.java:773) ~[?:?]
	at java.desktop/java.awt.EventQueue$4.run(EventQueue.java:722) ~[?:?]
	at java.desktop/java.awt.EventQueue$4.run(EventQueue.java:716) ~[?:?]
	at java.base/java.security.AccessController.doPrivileged(AccessController.java:399) [?:?]
	at java.base/java.security.ProtectionDomain$JavaSecurityAccessImpl.doIntersectionPrivilege(ProtectionDomain.java:86) ~[?:?]
	at java.base/java.security.ProtectionDomain$JavaSecurityAccessImpl.doIntersectionPrivilege(ProtectionDomain.java:97) ~[?:?]
	at java.desktop/java.awt.EventQueue$5.run(EventQueue.java:746) ~[?:?]
	at java.desktop/java.awt.EventQueue$5.run(EventQueue.java:744) ~[?:?]
	at java.base/java.security.AccessController.doPrivileged(AccessController.java:399) [?:?]
	at java.base/java.security.ProtectionDomain$JavaSecurityAccessImpl.doIntersectionPrivilege(ProtectionDomain.java:86) [?:?]
	at java.desktop/java.awt.EventQueue.dispatchEvent(EventQueue.java:743) [?:?]
	at java.desktop/java.awt.EventDispatchThread.pumpOneEventForFilters(EventDispatchThread.java:203) [?:?]
	at java.desktop/java.awt.EventDispatchThread.pumpEventsForFilter(EventDispatchThread.java:124) [?:?]
	at java.desktop/java.awt.EventDispatchThread.pumpEventsForHierarchy(EventDispatchThread.java:113) [?:?]
	at java.desktop/java.awt.EventDispatchThread.pumpEvents(EventDispatchThread.java:109) [?:?]
	at java.desktop/java.awt.EventDispatchThread.pumpEvents(EventDispatchThread.java:101) [?:?]
	at java.desktop/java.awt.EventDispatchThread.run(EventDispatchThread.java:90) [?:?]
Caused by: org.hibernate.query.sqm.UnknownEntityException: Could not resolve root entity 'users'
	at org.hibernate.query.hql.internal.SemanticQueryBuilder.resolveRootEntity(SemanticQueryBuilder.java:2013) ~[hibernate-core-6.4.0.Final.jar:6.4.0.Final]
	at org.hibernate.query.hql.internal.SemanticQueryBuilder.visitRootEntity(SemanticQueryBuilder.java:1944) ~[hibernate-core-6.4.0.Final.jar:6.4.0.Final]
	at org.hibernate.query.hql.internal.SemanticQueryBuilder.visitRootEntity(SemanticQueryBuilder.java:269) ~[hibernate-core-6.4.0.Final.jar:6.4.0.Final]
	at org.hibernate.grammars.hql.HqlParser$RootEntityContext.accept(HqlParser.java:2549) ~[hibernate-core-6.4.0.Final.jar:6.4.0.Final]
	at org.hibernate.query.hql.internal.SemanticQueryBuilder.visitEntityWithJoins(SemanticQueryBuilder.java:1914) ~[hibernate-core-6.4.0.Final.jar:6.4.0.Final]
	at org.hibernate.query.hql.internal.SemanticQueryBuilder.visitFromClause(SemanticQueryBuilder.java:1901) ~[hibernate-core-6.4.0.Final.jar:6.4.0.Final]
	at org.hibernate.query.hql.internal.SemanticQueryBuilder.visitQuery(SemanticQueryBuilder.java:1148) ~[hibernate-core-6.4.0.Final.jar:6.4.0.Final]
	at org.hibernate.query.hql.internal.SemanticQueryBuilder.visitQuerySpecExpression(SemanticQueryBuilder.java:941) ~[hibernate-core-6.4.0.Final.jar:6.4.0.Final]
	at org.hibernate.query.hql.internal.SemanticQueryBuilder.visitQuerySpecExpression(SemanticQueryBuilder.java:269) ~[hibernate-core-6.4.0.Final.jar:6.4.0.Final]
	at org.hibernate.grammars.hql.HqlParser$QuerySpecExpressionContext.accept(HqlParser.java:1869) ~[hibernate-core-6.4.0.Final.jar:6.4.0.Final]
	at org.hibernate.query.hql.internal.SemanticQueryBuilder.visitSimpleQueryGroup(SemanticQueryBuilder.java:926) ~[hibernate-core-6.4.0.Final.jar:6.4.0.Final]
	at org.hibernate.query.hql.internal.SemanticQueryBuilder.visitSimpleQueryGroup(SemanticQueryBuilder.java:269) ~[hibernate-core-6.4.0.Final.jar:6.4.0.Final]
	at org.hibernate.grammars.hql.HqlParser$SimpleQueryGroupContext.accept(HqlParser.java:1740) ~[hibernate-core-6.4.0.Final.jar:6.4.0.Final]
	at org.hibernate.query.hql.internal.SemanticQueryBuilder.visitSelectStatement(SemanticQueryBuilder.java:443) ~[hibernate-core-6.4.0.Final.jar:6.4.0.Final]
	at org.hibernate.query.hql.internal.SemanticQueryBuilder.visitStatement(SemanticQueryBuilder.java:402) ~[hibernate-core-6.4.0.Final.jar:6.4.0.Final]
	at org.hibernate.query.hql.internal.SemanticQueryBuilder.buildSemanticModel(SemanticQueryBuilder.java:311) ~[hibernate-core-6.4.0.Final.jar:6.4.0.Final]
	at org.hibernate.query.hql.internal.StandardHqlTranslator.translate(StandardHqlTranslator.java:71) ~[hibernate-core-6.4.0.Final.jar:6.4.0.Final]
	at org.hibernate.query.internal.QueryInterpretationCacheStandardImpl.createHqlInterpretation(QueryInterpretationCacheStandardImpl.java:165) ~[hibernate-core-6.4.0.Final.jar:6.4.0.Final]
	at org.hibernate.query.internal.QueryInterpretationCacheStandardImpl.resolveHqlInterpretation(QueryInterpretationCacheStandardImpl.java:147) ~[hibernate-core-6.4.0.Final.jar:6.4.0.Final]
	at org.hibernate.internal.AbstractSharedSessionContract.interpretHql(AbstractSharedSessionContract.java:769) ~[hibernate-core-6.4.0.Final.jar:6.4.0.Final]
	at org.hibernate.internal.AbstractSharedSessionContract.createQuery(AbstractSharedSessionContract.java:819) ~[hibernate-core-6.4.0.Final.jar:6.4.0.Final]
	... 39 more
2024-03-06 22:02:45 [AWT-EventQueue-0] INFO  org.hibernate.Version - HHH000412: Hibernate ORM core version 6.4.0.Final
2024-03-06 22:02:45 [AWT-EventQueue-0] WARN  org.hibernate.orm.deprecation - HHH90000012: Recognized obsolete hibernate namespace http://hibernate.sourceforge.net/hibernate-configuration. Use namespace http://www.hibernate.org/dtd/hibernate-configuration instead.  Support for obsolete DTD/XSD namespaces may be removed at any time.
2024-03-06 22:02:45 [AWT-EventQueue-0] INFO  org.hibernate.cache.internal.RegionFactoryInitiator - HHH000026: Second-level cache disabled
2024-03-06 22:02:45 [AWT-EventQueue-0] WARN  org.hibernate.orm.connections.pooling - HHH10001002: Using built-in connection pool (not intended for production use)
2024-03-06 22:02:45 [AWT-EventQueue-0] INFO  org.hibernate.orm.connections.pooling - HHH10001005: Loaded JDBC driver class: com.mysql.cj.jdbc.Driver
2024-03-06 22:02:45 [AWT-EventQueue-0] INFO  org.hibernate.orm.connections.pooling - HHH10001012: Connecting with JDBC URL [jdbc:mysql://localhost:3306/hotelIndividual?serverTimezone=GMT%2B3]
2024-03-06 22:02:45 [AWT-EventQueue-0] INFO  org.hibernate.orm.connections.pooling - HHH10001001: Connection properties: {password=****, user=root}
2024-03-06 22:02:45 [AWT-EventQueue-0] INFO  org.hibernate.orm.connections.pooling - HHH10001003: Autocommit mode: false
2024-03-06 22:02:45 [AWT-EventQueue-0] INFO  org.hibernate.orm.connections.pooling - HHH10001115: Connection pool size: 20 (min=1)
2024-03-06 22:02:46 [AWT-EventQueue-0] WARN  org.hibernate.orm.deprecation - HHH90000025: MySQLDialect does not need to be specified explicitly using 'hibernate.dialect' (remove the property setting and it will be selected by default)
2024-03-06 22:02:47 [AWT-EventQueue-0] INFO  org.hibernate.orm.connections.access - HHH10001501: Connection obtained from JdbcConnectionAccess [org.hibernate.engine.jdbc.env.internal.JdbcEnvironmentInitiator$ConnectionProviderJdbcConnectionAccess@25eb5d03] for (non-JTA) DDL execution was not in auto-commit mode; the Connection 'local transaction' will be committed and the Connection will be set into auto-commit mode.
2024-03-13 15:34:01 [AWT-EventQueue-0] INFO  org.hibernate.Version - HHH000412: Hibernate ORM core version 6.4.0.Final
2024-03-13 15:34:01 [AWT-EventQueue-0] WARN  org.hibernate.orm.deprecation - HHH90000012: Recognized obsolete hibernate namespace http://hibernate.sourceforge.net/hibernate-configuration. Use namespace http://www.hibernate.org/dtd/hibernate-configuration instead.  Support for obsolete DTD/XSD namespaces may be removed at any time.
2024-03-13 15:34:02 [AWT-EventQueue-0] INFO  org.hibernate.cache.internal.RegionFactoryInitiator - HHH000026: Second-level cache disabled
2024-03-13 15:34:02 [AWT-EventQueue-0] WARN  org.hibernate.orm.connections.pooling - HHH10001002: Using built-in connection pool (not intended for production use)
2024-03-13 15:34:02 [AWT-EventQueue-0] INFO  org.hibernate.orm.connections.pooling - HHH10001005: Loaded JDBC driver class: com.mysql.cj.jdbc.Driver
2024-03-13 15:34:02 [AWT-EventQueue-0] INFO  org.hibernate.orm.connections.pooling - HHH10001012: Connecting with JDBC URL [jdbc:mysql://localhost:3306/hotelIndividual?serverTimezone=GMT%2B3]
2024-03-13 15:34:02 [AWT-EventQueue-0] INFO  org.hibernate.orm.connections.pooling - HHH10001001: Connection properties: {password=****, user=root}
2024-03-13 15:34:02 [AWT-EventQueue-0] INFO  org.hibernate.orm.connections.pooling - HHH10001003: Autocommit mode: false
2024-03-13 15:34:02 [AWT-EventQueue-0] INFO  org.hibernate.orm.connections.pooling - HHH10001115: Connection pool size: 20 (min=1)
2024-03-13 15:34:02 [AWT-EventQueue-0] WARN  org.hibernate.orm.deprecation - HHH90000025: MySQLDialect does not need to be specified explicitly using 'hibernate.dialect' (remove the property setting and it will be selected by default)
2024-03-13 15:34:02 [AWT-EventQueue-0] WARN  org.hibernate.boot.internal.InFlightMetadataCollectorImpl - HHH000069: Duplicate generator name UUID
2024-03-13 15:34:03 [AWT-EventQueue-0] INFO  org.hibernate.orm.connections.pooling - HHH10001008: Cleaning up connection pool [jdbc:mysql://localhost:3306/hotelIndividual?serverTimezone=GMT%2B3]
2024-03-13 15:34:59 [AWT-EventQueue-0] INFO  org.hibernate.Version - HHH000412: Hibernate ORM core version 6.4.0.Final
2024-03-13 15:35:00 [AWT-EventQueue-0] WARN  org.hibernate.orm.deprecation - HHH90000012: Recognized obsolete hibernate namespace http://hibernate.sourceforge.net/hibernate-configuration. Use namespace http://www.hibernate.org/dtd/hibernate-configuration instead.  Support for obsolete DTD/XSD namespaces may be removed at any time.
2024-03-13 15:35:00 [AWT-EventQueue-0] INFO  org.hibernate.cache.internal.RegionFactoryInitiator - HHH000026: Second-level cache disabled
2024-03-13 15:35:00 [AWT-EventQueue-0] WARN  org.hibernate.orm.connections.pooling - HHH10001002: Using built-in connection pool (not intended for production use)
2024-03-13 15:35:00 [AWT-EventQueue-0] INFO  org.hibernate.orm.connections.pooling - HHH10001005: Loaded JDBC driver class: com.mysql.cj.jdbc.Driver
2024-03-13 15:35:00 [AWT-EventQueue-0] INFO  org.hibernate.orm.connections.pooling - HHH10001012: Connecting with JDBC URL [jdbc:mysql://localhost:3306/hotelIndividual?serverTimezone=GMT%2B3]
2024-03-13 15:35:00 [AWT-EventQueue-0] INFO  org.hibernate.orm.connections.pooling - HHH10001001: Connection properties: {password=****, user=root}
2024-03-13 15:35:00 [AWT-EventQueue-0] INFO  org.hibernate.orm.connections.pooling - HHH10001003: Autocommit mode: false
2024-03-13 15:35:00 [AWT-EventQueue-0] INFO  org.hibernate.orm.connections.pooling - HHH10001115: Connection pool size: 20 (min=1)
2024-03-13 15:35:00 [AWT-EventQueue-0] WARN  org.hibernate.orm.deprecation - HHH90000025: MySQLDialect does not need to be specified explicitly using 'hibernate.dialect' (remove the property setting and it will be selected by default)
2024-03-13 15:35:01 [AWT-EventQueue-0] WARN  org.hibernate.boot.internal.InFlightMetadataCollectorImpl - HHH000069: Duplicate generator name UUID
2024-03-13 15:35:01 [AWT-EventQueue-0] INFO  org.hibernate.orm.connections.pooling - HHH10001008: Cleaning up connection pool [jdbc:mysql://localhost:3306/hotelIndividual?serverTimezone=GMT%2B3]
2024-03-13 15:35:21 [AWT-EventQueue-0] INFO  org.hibernate.Version - HHH000412: Hibernate ORM core version 6.4.0.Final
2024-03-13 15:35:21 [AWT-EventQueue-0] WARN  org.hibernate.orm.deprecation - HHH90000012: Recognized obsolete hibernate namespace http://hibernate.sourceforge.net/hibernate-configuration. Use namespace http://www.hibernate.org/dtd/hibernate-configuration instead.  Support for obsolete DTD/XSD namespaces may be removed at any time.
2024-03-13 15:35:22 [AWT-EventQueue-0] INFO  org.hibernate.cache.internal.RegionFactoryInitiator - HHH000026: Second-level cache disabled
2024-03-13 15:35:22 [AWT-EventQueue-0] WARN  org.hibernate.orm.connections.pooling - HHH10001002: Using built-in connection pool (not intended for production use)
2024-03-13 15:35:22 [AWT-EventQueue-0] INFO  org.hibernate.orm.connections.pooling - HHH10001005: Loaded JDBC driver class: com.mysql.cj.jdbc.Driver
2024-03-13 15:35:22 [AWT-EventQueue-0] INFO  org.hibernate.orm.connections.pooling - HHH10001012: Connecting with JDBC URL [jdbc:mysql://localhost:3306/hotelIndividual?serverTimezone=GMT%2B3]
2024-03-13 15:35:22 [AWT-EventQueue-0] INFO  org.hibernate.orm.connections.pooling - HHH10001001: Connection properties: {password=****, user=root}
2024-03-13 15:35:22 [AWT-EventQueue-0] INFO  org.hibernate.orm.connections.pooling - HHH10001003: Autocommit mode: false
2024-03-13 15:35:22 [AWT-EventQueue-0] INFO  org.hibernate.orm.connections.pooling - HHH10001115: Connection pool size: 20 (min=1)
2024-03-13 15:35:22 [AWT-EventQueue-0] WARN  org.hibernate.orm.deprecation - HHH90000025: MySQLDialect does not need to be specified explicitly using 'hibernate.dialect' (remove the property setting and it will be selected by default)
2024-03-13 15:35:22 [AWT-EventQueue-0] WARN  org.hibernate.boot.internal.InFlightMetadataCollectorImpl - HHH000069: Duplicate generator name UUID
2024-03-13 15:35:23 [AWT-EventQueue-0] INFO  org.hibernate.orm.connections.pooling - HHH10001008: Cleaning up connection pool [jdbc:mysql://localhost:3306/hotelIndividual?serverTimezone=GMT%2B3]
2024-03-13 15:36:31 [AWT-EventQueue-0] INFO  org.hibernate.Version - HHH000412: Hibernate ORM core version 6.4.0.Final
2024-03-13 15:36:31 [AWT-EventQueue-0] WARN  org.hibernate.orm.deprecation - HHH90000012: Recognized obsolete hibernate namespace http://hibernate.sourceforge.net/hibernate-configuration. Use namespace http://www.hibernate.org/dtd/hibernate-configuration instead.  Support for obsolete DTD/XSD namespaces may be removed at any time.
2024-03-13 15:36:32 [AWT-EventQueue-0] INFO  org.hibernate.cache.internal.RegionFactoryInitiator - HHH000026: Second-level cache disabled
2024-03-13 15:36:32 [AWT-EventQueue-0] WARN  org.hibernate.orm.connections.pooling - HHH10001002: Using built-in connection pool (not intended for production use)
2024-03-13 15:36:32 [AWT-EventQueue-0] INFO  org.hibernate.orm.connections.pooling - HHH10001005: Loaded JDBC driver class: com.mysql.cj.jdbc.Driver
2024-03-13 15:36:32 [AWT-EventQueue-0] INFO  org.hibernate.orm.connections.pooling - HHH10001012: Connecting with JDBC URL [jdbc:mysql://localhost:3306/hotelIndividual?serverTimezone=GMT%2B3]
2024-03-13 15:36:32 [AWT-EventQueue-0] INFO  org.hibernate.orm.connections.pooling - HHH10001001: Connection properties: {password=****, user=root}
2024-03-13 15:36:32 [AWT-EventQueue-0] INFO  org.hibernate.orm.connections.pooling - HHH10001003: Autocommit mode: false
2024-03-13 15:36:32 [AWT-EventQueue-0] INFO  org.hibernate.orm.connections.pooling - HHH10001115: Connection pool size: 20 (min=1)
2024-03-13 15:36:32 [AWT-EventQueue-0] WARN  org.hibernate.orm.deprecation - HHH90000025: MySQLDialect does not need to be specified explicitly using 'hibernate.dialect' (remove the property setting and it will be selected by default)
2024-03-13 15:36:32 [AWT-EventQueue-0] WARN  org.hibernate.boot.internal.InFlightMetadataCollectorImpl - HHH000069: Duplicate generator name UUID
2024-03-13 15:36:33 [AWT-EventQueue-0] INFO  org.hibernate.orm.connections.pooling - HHH10001008: Cleaning up connection pool [jdbc:mysql://localhost:3306/hotelIndividual?serverTimezone=GMT%2B3]
2024-03-13 15:39:35 [AWT-EventQueue-0] INFO  org.hibernate.Version - HHH000412: Hibernate ORM core version 6.4.0.Final
2024-03-13 15:39:35 [AWT-EventQueue-0] WARN  org.hibernate.orm.deprecation - HHH90000012: Recognized obsolete hibernate namespace http://hibernate.sourceforge.net/hibernate-configuration. Use namespace http://www.hibernate.org/dtd/hibernate-configuration instead.  Support for obsolete DTD/XSD namespaces may be removed at any time.
2024-03-13 15:39:36 [AWT-EventQueue-0] INFO  org.hibernate.cache.internal.RegionFactoryInitiator - HHH000026: Second-level cache disabled
2024-03-13 15:39:36 [AWT-EventQueue-0] WARN  org.hibernate.orm.connections.pooling - HHH10001002: Using built-in connection pool (not intended for production use)
2024-03-13 15:39:36 [AWT-EventQueue-0] INFO  org.hibernate.orm.connections.pooling - HHH10001005: Loaded JDBC driver class: com.mysql.cj.jdbc.Driver
2024-03-13 15:39:36 [AWT-EventQueue-0] INFO  org.hibernate.orm.connections.pooling - HHH10001012: Connecting with JDBC URL [jdbc:mysql://localhost:3306/hotelIndividual?serverTimezone=GMT%2B3]
2024-03-13 15:39:36 [AWT-EventQueue-0] INFO  org.hibernate.orm.connections.pooling - HHH10001001: Connection properties: {password=****, user=root}
2024-03-13 15:39:36 [AWT-EventQueue-0] INFO  org.hibernate.orm.connections.pooling - HHH10001003: Autocommit mode: false
2024-03-13 15:39:36 [AWT-EventQueue-0] INFO  org.hibernate.orm.connections.pooling - HHH10001115: Connection pool size: 20 (min=1)
2024-03-13 15:39:36 [AWT-EventQueue-0] WARN  org.hibernate.orm.deprecation - HHH90000025: MySQLDialect does not need to be specified explicitly using 'hibernate.dialect' (remove the property setting and it will be selected by default)
2024-03-13 15:39:36 [AWT-EventQueue-0] WARN  org.hibernate.boot.internal.InFlightMetadataCollectorImpl - HHH000069: Duplicate generator name UUID
2024-03-13 15:39:37 [AWT-EventQueue-0] INFO  org.hibernate.orm.connections.pooling - HHH10001008: Cleaning up connection pool [jdbc:mysql://localhost:3306/hotelIndividual?serverTimezone=GMT%2B3]
2024-03-13 15:40:46 [AWT-EventQueue-0] INFO  org.hibernate.Version - HHH000412: Hibernate ORM core version 6.4.0.Final
2024-03-13 15:40:46 [AWT-EventQueue-0] WARN  org.hibernate.orm.deprecation - HHH90000012: Recognized obsolete hibernate namespace http://hibernate.sourceforge.net/hibernate-configuration. Use namespace http://www.hibernate.org/dtd/hibernate-configuration instead.  Support for obsolete DTD/XSD namespaces may be removed at any time.
2024-03-13 15:40:46 [AWT-EventQueue-0] INFO  org.hibernate.cache.internal.RegionFactoryInitiator - HHH000026: Second-level cache disabled
2024-03-13 15:40:46 [AWT-EventQueue-0] WARN  org.hibernate.orm.connections.pooling - HHH10001002: Using built-in connection pool (not intended for production use)
2024-03-13 15:40:46 [AWT-EventQueue-0] INFO  org.hibernate.orm.connections.pooling - HHH10001005: Loaded JDBC driver class: com.mysql.cj.jdbc.Driver
2024-03-13 15:40:46 [AWT-EventQueue-0] INFO  org.hibernate.orm.connections.pooling - HHH10001012: Connecting with JDBC URL [jdbc:mysql://localhost:3306/hotelIndividual?serverTimezone=GMT%2B3]
2024-03-13 15:40:46 [AWT-EventQueue-0] INFO  org.hibernate.orm.connections.pooling - HHH10001001: Connection properties: {password=****, user=root}
2024-03-13 15:40:46 [AWT-EventQueue-0] INFO  org.hibernate.orm.connections.pooling - HHH10001003: Autocommit mode: false
2024-03-13 15:40:46 [AWT-EventQueue-0] INFO  org.hibernate.orm.connections.pooling - HHH10001115: Connection pool size: 20 (min=1)
2024-03-13 15:40:47 [AWT-EventQueue-0] WARN  org.hibernate.orm.deprecation - HHH90000025: MySQLDialect does not need to be specified explicitly using 'hibernate.dialect' (remove the property setting and it will be selected by default)
2024-03-13 15:40:48 [AWT-EventQueue-0] INFO  org.hibernate.orm.connections.access - HHH10001501: Connection obtained from JdbcConnectionAccess [org.hibernate.engine.jdbc.env.internal.JdbcEnvironmentInitiator$ConnectionProviderJdbcConnectionAccess@688e840c] for (non-JTA) DDL execution was not in auto-commit mode; the Connection 'local transaction' will be committed and the Connection will be set into auto-commit mode.
2024-03-13 15:41:13 [AWT-EventQueue-0] INFO  org.hibernate.Version - HHH000412: Hibernate ORM core version 6.4.0.Final
2024-03-13 15:41:13 [AWT-EventQueue-0] WARN  org.hibernate.orm.deprecation - HHH90000012: Recognized obsolete hibernate namespace http://hibernate.sourceforge.net/hibernate-configuration. Use namespace http://www.hibernate.org/dtd/hibernate-configuration instead.  Support for obsolete DTD/XSD namespaces may be removed at any time.
2024-03-13 15:41:13 [AWT-EventQueue-0] INFO  org.hibernate.cache.internal.RegionFactoryInitiator - HHH000026: Second-level cache disabled
2024-03-13 15:41:13 [AWT-EventQueue-0] WARN  org.hibernate.orm.connections.pooling - HHH10001002: Using built-in connection pool (not intended for production use)
2024-03-13 15:41:13 [AWT-EventQueue-0] INFO  org.hibernate.orm.connections.pooling - HHH10001005: Loaded JDBC driver class: com.mysql.cj.jdbc.Driver
2024-03-13 15:41:13 [AWT-EventQueue-0] INFO  org.hibernate.orm.connections.pooling - HHH10001012: Connecting with JDBC URL [jdbc:mysql://localhost:3306/hotelIndividual?serverTimezone=GMT%2B3]
2024-03-13 15:41:13 [AWT-EventQueue-0] INFO  org.hibernate.orm.connections.pooling - HHH10001001: Connection properties: {password=****, user=root}
2024-03-13 15:41:13 [AWT-EventQueue-0] INFO  org.hibernate.orm.connections.pooling - HHH10001003: Autocommit mode: false
2024-03-13 15:41:13 [AWT-EventQueue-0] INFO  org.hibernate.orm.connections.pooling - HHH10001115: Connection pool size: 20 (min=1)
2024-03-13 15:41:14 [AWT-EventQueue-0] WARN  org.hibernate.orm.deprecation - HHH90000025: MySQLDialect does not need to be specified explicitly using 'hibernate.dialect' (remove the property setting and it will be selected by default)
2024-03-13 15:41:15 [AWT-EventQueue-0] INFO  org.hibernate.orm.connections.access - HHH10001501: Connection obtained from JdbcConnectionAccess [org.hibernate.engine.jdbc.env.internal.JdbcEnvironmentInitiator$ConnectionProviderJdbcConnectionAccess@4a68cf80] for (non-JTA) DDL execution was not in auto-commit mode; the Connection 'local transaction' will be committed and the Connection will be set into auto-commit mode.
2024-03-13 15:41:15 [AWT-EventQueue-0] ERROR DAO.UserDAO - No user found with the provided credentials
jakarta.persistence.NoResultException: No result found for query [SELECT u FROM User u WHERE u.username = :username AND u.password = :password]
	at org.hibernate.query.spi.AbstractSelectionQuery.getSingleResult(AbstractSelectionQuery.java:567) ~[hibernate-core-6.4.0.Final.jar:6.4.0.Final]
	at DAO.UserDAO.check(UserDAO.java:26) ~[Individual%20Study/:?]
	at Controller.AuthenticationController.authenticate(AuthenticationController.java:21) ~[Individual%20Study/:?]
	at GUI.LogicFrame.actionPerformed(LogicFrame.java:105) ~[Individual%20Study/:?]
	at java.desktop/javax.swing.AbstractButton.fireActionPerformed(AbstractButton.java:1972) ~[?:?]
	at java.desktop/javax.swing.AbstractButton$Handler.actionPerformed(AbstractButton.java:2313) ~[?:?]
	at java.desktop/javax.swing.DefaultButtonModel.fireActionPerformed(DefaultButtonModel.java:405) ~[?:?]
	at java.desktop/javax.swing.DefaultButtonModel.setPressed(DefaultButtonModel.java:262) ~[?:?]
	at java.desktop/javax.swing.plaf.basic.BasicButtonListener.mouseReleased(BasicButtonListener.java:279) ~[?:?]
	at java.desktop/java.awt.Component.processMouseEvent(Component.java:6626) ~[?:?]
	at java.desktop/javax.swing.JComponent.processMouseEvent(JComponent.java:3389) ~[?:?]
	at java.desktop/java.awt.Component.processEvent(Component.java:6391) ~[?:?]
	at java.desktop/java.awt.Container.processEvent(Container.java:2266) ~[?:?]
	at java.desktop/java.awt.Component.dispatchEventImpl(Component.java:5001) ~[?:?]
	at java.desktop/java.awt.Container.dispatchEventImpl(Container.java:2324) ~[?:?]
	at java.desktop/java.awt.Component.dispatchEvent(Component.java:4833) ~[?:?]
	at java.desktop/java.awt.LightweightDispatcher.retargetMouseEvent(Container.java:4948) ~[?:?]
	at java.desktop/java.awt.LightweightDispatcher.processMouseEvent(Container.java:4575) ~[?:?]
	at java.desktop/java.awt.LightweightDispatcher.dispatchEvent(Container.java:4516) ~[?:?]
	at java.desktop/java.awt.Container.dispatchEventImpl(Container.java:2310) ~[?:?]
	at java.desktop/java.awt.Window.dispatchEventImpl(Window.java:2780) ~[?:?]
	at java.desktop/java.awt.Component.dispatchEvent(Component.java:4833) ~[?:?]
	at java.desktop/java.awt.EventQueue.dispatchEventImpl(EventQueue.java:773) ~[?:?]
	at java.desktop/java.awt.EventQueue$4.run(EventQueue.java:722) ~[?:?]
	at java.desktop/java.awt.EventQueue$4.run(EventQueue.java:716) ~[?:?]
	at java.base/java.security.AccessController.doPrivileged(AccessController.java:399) [?:?]
	at java.base/java.security.ProtectionDomain$JavaSecurityAccessImpl.doIntersectionPrivilege(ProtectionDomain.java:86) ~[?:?]
	at java.base/java.security.ProtectionDomain$JavaSecurityAccessImpl.doIntersectionPrivilege(ProtectionDomain.java:97) ~[?:?]
	at java.desktop/java.awt.EventQueue$5.run(EventQueue.java:746) ~[?:?]
	at java.desktop/java.awt.EventQueue$5.run(EventQueue.java:744) ~[?:?]
	at java.base/java.security.AccessController.doPrivileged(AccessController.java:399) [?:?]
	at java.base/java.security.ProtectionDomain$JavaSecurityAccessImpl.doIntersectionPrivilege(ProtectionDomain.java:86) [?:?]
	at java.desktop/java.awt.EventQueue.dispatchEvent(EventQueue.java:743) [?:?]
	at java.desktop/java.awt.EventDispatchThread.pumpOneEventForFilters(EventDispatchThread.java:203) [?:?]
	at java.desktop/java.awt.EventDispatchThread.pumpEventsForFilter(EventDispatchThread.java:124) [?:?]
	at java.desktop/java.awt.EventDispatchThread.pumpEventsForHierarchy(EventDispatchThread.java:113) [?:?]
	at java.desktop/java.awt.EventDispatchThread.pumpEvents(EventDispatchThread.java:109) [?:?]
	at java.desktop/java.awt.EventDispatchThread.pumpEvents(EventDispatchThread.java:101) [?:?]
	at java.desktop/java.awt.EventDispatchThread.run(EventDispatchThread.java:90) [?:?]
2024-03-13 15:42:42 [AWT-EventQueue-0] INFO  GUI.MainWindow - Not implemented yet!
